<?xml version="1.0" encoding="UTF-8"?>
<coverage generated="1454893888395" clover="3.2.0">
	<project timestamp="1454893888395"  name="All Files" >
		<metrics statements="22"  coveredstatements="7"  conditionals="4"  coveredconditionals="3"  methods="13"  coveredmethods="3"  elements="39"  coveredelements="13"  complexity="0"  packages="1"  files="2"  classes="2"  loc="90"  ncloc="90" />
		<package name="actions" >
			<metrics statements="22"  coveredstatements="7"  conditionals="4"  coveredconditionals="3"  methods="13"  coveredmethods="3" />
			<file name="appActions.js"  path="/home/aivan/workspace/savet7/src/main/resources/dev_public/js/actions/appActions.js" >
				<metrics statements="3"  coveredstatements="3"  conditionals="0"  coveredconditionals="0"  methods="1"  coveredmethods="1" />
				<line num="2"  count="1"  type="stmt" />
				<line num="6"  count="1"  type="stmt" />
				<line num="14"  count="1"  type="stmt" />
			</file>
			<file name="loginActions.js"  path="/home/aivan/workspace/savet7/src/main/resources/dev_public/js/actions/loginActions.js" >
				<metrics statements="19"  coveredstatements="4"  conditionals="4"  coveredconditionals="3"  methods="12"  coveredmethods="2" />
				<line num="1"  count="3"  type="cond"  truecount="3"  falsecount="1" />
				<line num="5"  count="1"  type="stmt" />
				<line num="9"  count="1"  type="stmt" />
				<line num="16"  count="0"  type="stmt" />
				<line num="17"  count="0"  type="stmt" />
				<line num="22"  count="0"  type="stmt" />
				<line num="29"  count="0"  type="stmt" />
				<line num="30"  count="0"  type="stmt" />
				<line num="39"  count="0"  type="stmt" />
				<line num="40"  count="0"  type="stmt" />
				<line num="44"  count="0"  type="stmt" />
				<line num="47"  count="0"  type="stmt" />
				<line num="51"  count="0"  type="stmt" />
				<line num="57"  count="0"  type="stmt" />
				<line num="58"  count="0"  type="stmt" />
				<line num="64"  count="0"  type="stmt" />
				<line num="65"  count="0"  type="stmt" />
				<line num="69"  count="0"  type="stmt" />
				<line num="76"  count="1"  type="stmt" />
			</file>
		</package>
	</project>
</coverage>
