{
"/home/aivan/workspace/savet7/src/main/resources/dev_public/js/actions/appActions.js":{"path":"/home/aivan/workspace/savet7/src/main/resources/dev_public/js/actions/appActions.js","s":{"1":1,"2":1,"3":1},"b":{},"f":{"1":1},"fnMap":{"1":{"name":"setLanguage","line":5,"loc":{"start":{"line":5,"column":15},"end":{"line":5,"column":44}}}},"statementMap":{"1":{"start":{"line":2,"column":0},"end":{"line":8,"column":27}},"2":{"start":{"line":6,"column":4},"end":{"line":8,"column":23}},"3":{"start":{"line":14,"column":0},"end":{"line":14,"column":28}}},"branchMap":{},"l":{"2":1,"6":1,"14":1}},
"/home/aivan/workspace/savet7/src/main/resources/dev_public/js/actions/loginActions.js":{"path":"/home/aivan/workspace/savet7/src/main/resources/dev_public/js/actions/loginActions.js","s":{"1":1,"2":1,"3":1,"4":1,"5":1,"6":1,"7":1,"8":3,"9":1,"10":1,"11":0,"12":0,"13":0,"14":0,"15":0,"16":0,"17":0,"18":0,"19":0,"20":0,"21":0,"22":0,"23":0,"24":0,"25":0,"26":1},"b":{"1":[0,3],"2":[3,3]},"f":{"1":3,"2":1,"3":0,"4":0,"5":0,"6":0,"7":0,"8":0,"9":0,"10":0,"11":0,"12":0},"fnMap":{"1":{"name":"_interopRequireDefault","line":1,"loc":{"start":{"line":1,"column":259},"end":{"line":1,"column":296}}},"2":{"name":"setUsername","line":8,"loc":{"start":{"line":8,"column":15},"end":{"line":8,"column":42}}},"3":{"name":"fetchUser","line":15,"loc":{"start":{"line":15,"column":13},"end":{"line":15,"column":34}}},"4":{"name":"(anonymous_4)","line":16,"loc":{"start":{"line":16,"column":11},"end":{"line":16,"column":31}}},"5":{"name":"(anonymous_5)","line":22,"loc":{"start":{"line":22,"column":6},"end":{"line":22,"column":22}}},"6":{"name":"login","line":28,"loc":{"start":{"line":28,"column":9},"end":{"line":28,"column":44}}},"7":{"name":"(anonymous_7)","line":29,"loc":{"start":{"line":29,"column":11},"end":{"line":29,"column":31}}},"8":{"name":"(anonymous_8)","line":37,"loc":{"start":{"line":37,"column":6},"end":{"line":37,"column":22}}},"9":{"name":"(anonymous_9)","line":45,"loc":{"start":{"line":45,"column":11},"end":{"line":45,"column":23}}},"10":{"name":"logout","line":56,"loc":{"start":{"line":56,"column":10},"end":{"line":56,"column":28}}},"11":{"name":"(anonymous_11)","line":57,"loc":{"start":{"line":57,"column":11},"end":{"line":57,"column":31}}},"12":{"name":"(anonymous_12)","line":63,"loc":{"start":{"line":63,"column":12},"end":{"line":63,"column":28}}}},"statementMap":{"1":{"start":{"line":1,"column":13},"end":{"line":1,"column":45}},"2":{"start":{"line":1,"column":45},"end":{"line":1,"column":92}},"3":{"start":{"line":1,"column":92},"end":{"line":1,"column":124}},"4":{"start":{"line":1,"column":124},"end":{"line":1,"column":171}},"5":{"start":{"line":1,"column":171},"end":{"line":1,"column":208}},"6":{"start":{"line":1,"column":208},"end":{"line":1,"column":259}},"7":{"start":{"line":1,"column":259},"end":{"line":1,"column":352}},"8":{"start":{"line":1,"column":297},"end":{"line":1,"column":351}},"9":{"start":{"line":5,"column":0},"end":{"line":69,"column":60}},"10":{"start":{"line":9,"column":4},"end":{"line":11,"column":32}},"11":{"start":{"line":16,"column":4},"end":{"line":24,"column":10}},"12":{"start":{"line":17,"column":6},"end":{"line":24,"column":8}},"13":{"start":{"line":22,"column":23},"end":{"line":23,"column":52}},"14":{"start":{"line":29,"column":4},"end":{"line":51,"column":61}},"15":{"start":{"line":30,"column":6},"end":{"line":51,"column":59}},"16":{"start":{"line":39,"column":8},"end":{"line":39,"column":43}},"17":{"start":{"line":40,"column":8},"end":{"line":42,"column":32}},"18":{"start":{"line":44,"column":8},"end":{"line":44,"column":50}},"19":{"start":{"line":47,"column":8},"end":{"line":49,"column":31}},"20":{"start":{"line":51,"column":8},"end":{"line":51,"column":56}},"21":{"start":{"line":57,"column":4},"end":{"line":69,"column":56}},"22":{"start":{"line":58,"column":6},"end":{"line":69,"column":54}},"23":{"start":{"line":64,"column":8},"end":{"line":64,"column":43}},"24":{"start":{"line":65,"column":8},"end":{"line":67,"column":33}},"25":{"start":{"line":69,"column":8},"end":{"line":69,"column":51}},"26":{"start":{"line":76,"column":0},"end":{"line":76,"column":30}}},"branchMap":{"1":{"line":1,"type":"cond-expr","locations":[{"start":{"line":1,"column":328},"end":{"line":1,"column":331}},{"start":{"line":1,"column":334},"end":{"line":1,"column":350}}]},"2":{"line":1,"type":"binary-expr","locations":[{"start":{"line":1,"column":304},"end":{"line":1,"column":307}},{"start":{"line":1,"column":311},"end":{"line":1,"column":325}}]}},"l":{"1":3,"5":1,"9":1,"16":0,"17":0,"22":0,"29":0,"30":0,"39":0,"40":0,"44":0,"47":0,"51":0,"57":0,"58":0,"64":0,"65":0,"69":0,"76":1}}}
