TN:
SF:/home/aivan/workspace/savet7/src/main/resources/dev_public/js/actions/appActions.js
FN:5,setLanguage
FNF:1
FNH:1
FNDA:1,setLanguage
DA:2,1
DA:6,1
DA:14,1
LF:3
LH:3
BRF:0
BRH:0
end_of_record
TN:
SF:/home/aivan/workspace/savet7/src/main/resources/dev_public/js/actions/loginActions.js
FN:1,_interopRequireDefault
FN:8,setUsername
FN:15,fetchUser
FN:16,(anonymous_4)
FN:22,(anonymous_5)
FN:28,login
FN:29,(anonymous_7)
FN:37,(anonymous_8)
FN:45,(anonymous_9)
FN:56,logout
FN:57,(anonymous_11)
FN:63,(anonymous_12)
FNF:12
FNH:2
FNDA:3,_interopRequireDefault
FNDA:1,setUsername
FNDA:0,fetchUser
FNDA:0,(anonymous_4)
FNDA:0,(anonymous_5)
FNDA:0,login
FNDA:0,(anonymous_7)
FNDA:0,(anonymous_8)
FNDA:0,(anonymous_9)
FNDA:0,logout
FNDA:0,(anonymous_11)
FNDA:0,(anonymous_12)
DA:1,3
DA:5,1
DA:9,1
DA:16,0
DA:17,0
DA:22,0
DA:29,0
DA:30,0
DA:39,0
DA:40,0
DA:44,0
DA:47,0
DA:51,0
DA:57,0
DA:58,0
DA:64,0
DA:65,0
DA:69,0
DA:76,1
LF:19
LH:4
BRDA:1,1,0,0
BRDA:1,1,1,3
BRDA:1,2,0,3
BRDA:1,2,1,3
BRF:4
BRH:3
end_of_record
